Determining if the pthread_create exist failed with the following output:
Change Dir: /afs/cern.ch/work/n/nperera/g4_garfiled/gem_Nimantha/build/CMakeFiles/CMakeTmp

Run Build Command(s):/usr/bin/gmake cmTC_bb986/fast 
/usr/bin/gmake -f CMakeFiles/cmTC_bb986.dir/build.make CMakeFiles/cmTC_bb986.dir/build
gmake[1]: Entering directory `/afs/cern.ch/work/n/nperera/g4_garfiled/gem_Nimantha/build/CMakeFiles/CMakeTmp'
Building C object CMakeFiles/cmTC_bb986.dir/CheckSymbolExists.c.o
/cvmfs/sft.cern.ch/lcg/contrib/gcc/8/x86_64-centos7/bin/gcc    -o CMakeFiles/cmTC_bb986.dir/CheckSymbolExists.c.o   -c /afs/cern.ch/work/n/nperera/g4_garfiled/gem_Nimantha/build/CMakeFiles/CMakeTmp/CheckSymbolExists.c
Linking C executable cmTC_bb986
/afs/cern.ch/work/n/nperera/cmake-3.14.2/bin/cmake -E cmake_link_script CMakeFiles/cmTC_bb986.dir/link.txt --verbose=1
/cvmfs/sft.cern.ch/lcg/contrib/gcc/8/x86_64-centos7/bin/gcc      CMakeFiles/cmTC_bb986.dir/CheckSymbolExists.c.o  -o cmTC_bb986 
CMakeFiles/cmTC_bb986.dir/CheckSymbolExists.c.o: In function `main':
CheckSymbolExists.c:(.text+0x16): undefined reference to `pthread_create'
collect2: error: ld returned 1 exit status
gmake[1]: *** [cmTC_bb986] Error 1
gmake[1]: Leaving directory `/afs/cern.ch/work/n/nperera/g4_garfiled/gem_Nimantha/build/CMakeFiles/CMakeTmp'
gmake: *** [cmTC_bb986/fast] Error 2

File /afs/cern.ch/work/n/nperera/g4_garfiled/gem_Nimantha/build/CMakeFiles/CMakeTmp/CheckSymbolExists.c:
/* */
#include <pthread.h>

int main(int argc, char** argv)
{
  (void)argv;
#ifndef pthread_create
  return ((int*)(&pthread_create))[argc];
#else
  (void)argc;
  return 0;
#endif
}

